  Coach.cpp
e:\coding\oop\lthdt---18clc5---group01\project\coach.h(7): error C2143: syntax error: missing ';' before '*'
e:\coding\oop\lthdt---18clc5---group01\project\coach.h(7): error C4430: missing type specifier - int assumed. Note: C++ does not support default-int
e:\coding\oop\lthdt---18clc5---group01\project\coach.h(7): error C2238: unexpected token(s) preceding ';'
e:\coding\oop\lthdt---18clc5---group01\project\coach.h(10): error C2065: 'Team': undeclared identifier
e:\coding\oop\lthdt---18clc5---group01\project\coach.h(10): error C2923: 'std::vector': 'Team' is not a valid template type argument for parameter '_Ty'
e:\coding\oop\lthdt---18clc5---group01\project\coach.h(10): error C2903: 'allocator': symbol is neither a class template nor a function template
e:\coding\oop\lthdt---18clc5---group01\project\coach.h(10): error C3203: 'allocator': unspecialized class template can't be used as a template argument for template parameter '_Alloc', expected a real type
e:\coding\oop\lthdt---18clc5---group01\project\coach.h(17): error C4430: missing type specifier - int assumed. Note: C++ does not support default-int
e:\coding\oop\lthdt---18clc5---group01\project\coach.h(17): error C2143: syntax error: missing ',' before '&'
e:\coding\oop\lthdt---18clc5---group01\project\coach.h(24): error C4430: missing type specifier - int assumed. Note: C++ does not support default-int
e:\coding\oop\lthdt---18clc5---group01\project\coach.h(24): error C2143: syntax error: missing ',' before '&'
e:\coding\oop\lthdt---18clc5---group01\project\team.h(5): fatal error C1083: Cannot open include file: 'Player.h': No such file or directory
  Finance.cpp
  Stadium.cpp
  Team.cpp
e:\coding\oop\lthdt---18clc5---group01\project\coach.h(7): error C2143: syntax error: missing ';' before '*'
e:\coding\oop\lthdt---18clc5---group01\project\coach.h(7): error C4430: missing type specifier - int assumed. Note: C++ does not support default-int
e:\coding\oop\lthdt---18clc5---group01\project\coach.h(7): error C2238: unexpected token(s) preceding ';'
e:\coding\oop\lthdt---18clc5---group01\project\coach.h(10): error C2065: 'Team': undeclared identifier
e:\coding\oop\lthdt---18clc5---group01\project\coach.h(10): error C2923: 'std::vector': 'Team' is not a valid template type argument for parameter '_Ty'
e:\coding\oop\lthdt---18clc5---group01\project\coach.h(10): error C2903: 'allocator': symbol is neither a class template nor a function template
e:\coding\oop\lthdt---18clc5---group01\project\coach.h(10): error C3203: 'allocator': unspecialized class template can't be used as a template argument for template parameter '_Alloc', expected a real type
e:\coding\oop\lthdt---18clc5---group01\project\coach.h(17): error C4430: missing type specifier - int assumed. Note: C++ does not support default-int
e:\coding\oop\lthdt---18clc5---group01\project\coach.h(17): error C2143: syntax error: missing ',' before '&'
e:\coding\oop\lthdt---18clc5---group01\project\coach.h(24): error C4430: missing type specifier - int assumed. Note: C++ does not support default-int
e:\coding\oop\lthdt---18clc5---group01\project\coach.h(24): error C2143: syntax error: missing ',' before '&'
e:\coding\oop\lthdt---18clc5---group01\project\team.h(5): fatal error C1083: Cannot open include file: 'Player.h': No such file or directory
  Generating Code...
